<?xml version="1.0" encoding="UTF-8"?>
<Site BuildName="(empty)"
	BuildStamp="20240815-0634-Experimental"
	Name="acrv-ubuntu-18"
	Generator="ctest-3.25.1"
	CompilerName="/usr/bin/c++"
	CompilerVersion="7.5.0"
	OSName="Linux"
	Hostname="acrv-ubuntu-18"
	OSRelease="5.4.221-rt79"
	OSVersion="#1 SMP PREEMPT_RT Thu Dec 15 19:48:42 AEDT 2022"
	OSPlatform="x86_64"
	Is64Bits="1"
	VendorString="GenuineIntel"
	VendorID="Intel Corporation"
	FamilyID="6"
	ModelID="183"
	ProcessorCacheSize="24576"
	NumberOfLogicalCPU="20"
	NumberOfPhysicalCPU="14"
	TotalVirtualMemory="54360"
	TotalPhysicalMemory="31938"
	LogicalProcessorsPerPhysical="1"
	ProcessorClockFrequency="5093.44"
	>
	<Testing>
		<StartDateTime>Aug 15 16:34 AEST</StartDateTime>
		<StartTestTime>1723703681</StartTestTime>
		<TestList/>
		<EndDateTime>Aug 15 16:34 AEST</EndDateTime>
		<EndTestTime>1723703681</EndTestTime>
		<ElapsedMinutes>0</ElapsedMinutes>
	</Testing>
</Site>
